<?xml version="1.0" encoding="UTF-8"?>
<rdf:RDF xmlns:rdf="http://www.w3.org/1999/02/22-rdf-syntax-ns#" 
  xmlns:rdfs="http://www.w3.org/2000/01/rdf-schema#" 
  xmlns:owl="http://www.w3.org/2002/07/owl#" 
  xmlns:dc="http://purl.org/dc/elements/1.1/" 
  xmlns:dcterms="http://purl.org/dc/terms/" 
  xmlns:foaf="http://xmlns.com/foaf/0.1/" 
  xmlns:ore="http://www.openarchives.org/ore/terms/" 
  xmlns:fedora-rels-ext="info:fedora/fedora-system:def/relations-external#" 
  xmlns:datacons="http://example.com/datacons/"
  xmlns:dcmitype="http://purl.org/dc/terms/dcmitype/">
  
  <!-- 
    59EFB72B-F85A-4ADC-8D26-DBC373ADF500 => 1
    E421F4AE-06B8-47BD-96BD-2370C37D1998 => 2
    E538DE31-4FCC-4133-8762-4BC177E46E31 => 3
  -->
  
  <rdf:Description rdf:about="urn:uuid:3">    
    <dc:title>Sample Object</dc:title>
  </rdf:Description>
   
  <rdf:Description rdf:about="urn:uuid:4">    
    <dc:title>Sample Object</dc:title>
  </rdf:Description>
 
</rdf:RDF>
